<?xml version="1.0" encoding="UTF-8"?>
<!-- Generated by org.testng.reporters.JUnitXMLReporter -->
<testsuite ignored="0" hostname="HaRdIk-PC" failures="2" tests="22" name="Test" time="339.442" errors="0" timestamp="2025-04-30T17:29:40 NPT">
  <testcase classname="com.project.automationqa.tests.RegisterTest" name="testCompleteRegistrationWithDataStorage" time="29.446"/>
  <testcase classname="com.project.automationqa.tests.RegisterTest" name="verifyStoredRegistrationData" time="0.01"/>
  <testcase classname="com.project.automationqa.tests.RegisterTest" name="testDuplicateRegistrationWithStoredEmail" time="2.463"/>
  <testcase classname="com.project.automationqa.tests.RegisterTest" name="testMinimalRegistration" time="7.152"/>
  <testcase classname="com.project.automationqa.tests.LoginTest" name="testSuccessfulLogin" time="4.592"/>
  <testcase classname="com.project.automationqa.tests.LoginTest" name="testLogout" time="36.715"/>
  <testcase classname="com.project.automationqa.tests.LoginTest" name="testInvalidLogin" time="3.064"/>
  <testcase classname="com.project.automationqa.tests.LoginTest" name="testReLogin" time="9.53"/>
  <testcase classname="com.project.automationqa.tests.LoginTest" name="testLogoutAndRelogin" time="10.505"/>
  <testcase classname="com.project.automationqa.tests.ProductBrowsingTest" name="testProductBrowsingAndFiltering" time="9.05"/>
  <testcase classname="com.project.automationqa.tests.ProductBrowsingTest" name="testClickOnFirstProduct" time="6.27"/>
  <testcase classname="com.project.automationqa.tests.ProductBrowsingTest" name="testViewProductDetails" time="6.409"/>
  <testcase classname="com.project.automationqa.tests.ProductBrowsingTest" name="testAddToCartWithIncreasedQuantity" time="14.294"/>
  <testcase classname="com.project.automationqa.tests.ProductBrowsingTest" name="testAddToCartWithMaximumQuantity" time="8.595"/>
  <testcase classname="com.project.automationqa.tests.ProductBrowsingTest" name="testAddToCartWithMinimumQuantity" time="8.804"/>
  <testcase classname="com.project.automationqa.tests.CartManagementTest" name="testAddItemsToCart" time="10.129"/>
  <testcase classname="com.project.automationqa.tests.CartManagementTest" name="testCartItemCountAndTotal" time="5.817"/>
  <testcase classname="com.project.automationqa.tests.CartManagementTest" name="testCartPersistence" time="9.916"/>
  <testcase classname="com.project.automationqa.tests.CartManagementTest" name="testRemoveItemsFromCart" time="6.175">
    <failure type="java.lang.AssertionError" message="Cart item count should decrease by 1 after removal expected [2] but found [3]">
      <![CDATA[java.lang.AssertionError: Cart item count should decrease by 1 after removal expected [2] but found [3]
at com.project.automationqa.tests.CartManagementTest.testRemoveItemsFromCart(CartManagementTest.java:110)
at java.base/java.util.ArrayList.forEach(ArrayList.java:1596)
... Removed 31 stack frames]]>
    </failure>
  </testcase> <!-- testRemoveItemsFromCart -->
  <testcase classname="com.project.automationqa.tests.CheckoutTest" name="testProceedToCheckout" time="8.943"/>
  <testcase classname="com.project.automationqa.tests.CheckoutTest" name="testCheckoutPageNavigation" time="8.047"/>
  <testcase classname="com.project.automationqa.tests.CheckoutTest" name="testPaymentDetailsEntryAndOrderConfirmation" time="25.019">
    <failure type="org.openqa.selenium.TimeoutException" message="Expected condition failed: waiting for visibility of Proxy element for: DefaultElementLocator &amp;apos;By.xpath: //div[@id=&amp;apos;success_message&amp;apos;]&amp;apos; (tried for 10 second(s) with 500 milliseconds interval)">
      <![CDATA[org.openqa.selenium.TimeoutException: Expected condition failed: waiting for visibility of Proxy element for: DefaultElementLocator 'By.xpath: //div[@id='success_message']' (tried for 10 second(s) with 500 milliseconds interval)
at org.openqa.selenium.support.ui.WebDriverWait.timeoutException(WebDriverWait.java:84)
at org.openqa.selenium.support.ui.FluentWait.until(FluentWait.java:228)
at com.project.automationqa.pages.CheckoutPage.getOrderConfirmation(CheckoutPage.java:82)
at com.project.automationqa.tests.CheckoutTest.testPaymentDetailsEntryAndOrderConfirmation(CheckoutTest.java:112)
at java.base/java.util.ArrayList.forEach(ArrayList.java:1596)
Caused by: org.openqa.selenium.NoSuchElementException: no such element: Unable to locate element: {"method":"xpath","selector":"//div[@id='success_message']"}
  (Session info: chrome=136.0.7103.49)
For documentation on this error, please visit: https://www.selenium.dev/documentation/webdriver/troubleshooting/errors#no-such-element-exception
Build info: version: '4.31.0', revision: '1ef9f18787*'
System info: os.name: 'Windows 11', os.arch: 'amd64', os.version: '10.0', java.version: '21.0.6'
Driver info: org.openqa.selenium.chrome.ChromeDriver
Command: [2854aa07332ac566b50dec8d3c7bbf3e, findElement {value=//div[@id='success_message'], using=xpath}]
Capabilities {acceptInsecureCerts: false, browserName: chrome, browserVersion: 136.0.7103.49, chrome: {chromedriverVersion: 136.0.7103.49 (031848bc6ad0..., userDataDir: C:\Users\ADMINI~1\AppData\L...}, fedcm:accounts: true, goog:chromeOptions: {debuggerAddress: localhost:12759}, networkConnectionEnabled: false, pageLoadStrategy: normal, platformName: windows, proxy: Proxy(), se:cdp: ws://localhost:12759/devtoo..., se:cdpVersion: 136.0.7103.49, setWindowRect: true, strictFileInteractability: false, timeouts: {implicit: 0, pageLoad: 300000, script: 30000}, unhandledPromptBehavior: dismiss and notify, webauthn:extension:credBlob: true, webauthn:extension:largeBlob: true, webauthn:extension:minPinLength: true, webauthn:extension:prf: true, webauthn:virtualAuthenticators: true}
Session ID: 2854aa07332ac566b50dec8d3c7bbf3e
at org.openqa.selenium.remote.ErrorCodec.decode(ErrorCodec.java:167)
at org.openqa.selenium.remote.codec.w3c.W3CHttpResponseCodec.decode(W3CHttpResponseCodec.java:138)
at org.openqa.selenium.remote.codec.w3c.W3CHttpResponseCodec.decode(W3CHttpResponseCodec.java:50)
at org.openqa.selenium.remote.HttpCommandExecutor.execute(HttpCommandExecutor.java:215)
at org.openqa.selenium.remote.service.DriverCommandExecutor.invokeExecute(DriverCommandExecutor.java:216)
at org.openqa.selenium.remote.service.DriverCommandExecutor.execute(DriverCommandExecutor.java:174)
at org.openqa.selenium.remote.RemoteWebDriver.execute(RemoteWebDriver.java:545)
at org.openqa.selenium.remote.ElementLocation$ElementFinder$2.findElement(ElementLocation.java:165)
at org.openqa.selenium.remote.ElementLocation.findElement(ElementLocation.java:59)
at org.openqa.selenium.remote.RemoteWebDriver.findElement(RemoteWebDriver.java:368)
at org.openqa.selenium.remote.RemoteWebDriver.findElement(RemoteWebDriver.java:362)
at org.openqa.selenium.support.pagefactory.DefaultElementLocator.findElement(DefaultElementLocator.java:68)
at org.openqa.selenium.support.pagefactory.internal.LocatingElementHandler.invoke(LocatingElementHandler.java:38)
at jdk.proxy2/jdk.proxy2.$Proxy12.isDisplayed(Unknown Source)
at org.openqa.selenium.support.ui.ExpectedConditions.elementIfVisible(ExpectedConditions.java:304)
at org.openqa.selenium.support.ui.ExpectedConditions$10.apply(ExpectedConditions.java:290)
at org.openqa.selenium.support.ui.ExpectedConditions$10.apply(ExpectedConditions.java:287)
at org.openqa.selenium.support.ui.FluentWait.until(FluentWait.java:203)
... 28 more
... Removed 28 stack frames]]>
    </failure>
  </testcase> <!-- testPaymentDetailsEntryAndOrderConfirmation -->
</testsuite> <!-- Test -->
