<html>
<head>
<title>TestNG:  Test</title>
<link href="../testng.css" rel="stylesheet" type="text/css" />
<link href="../my-testng.css" rel="stylesheet" type="text/css" />

<style type="text/css">
.log { display: none;} 
.stack-trace { display: none;} 
</style>
<script type="text/javascript">
<!--
function flip(e) {
  current = e.style.display;
  if (current == 'block') {
    e.style.display = 'none';
    return 0;
  }
  else {
    e.style.display = 'block';
    return 1;
  }
}

function toggleBox(szDivId, elem, msg1, msg2)
{
  var res = -1;  if (document.getElementById) {
    res = flip(document.getElementById(szDivId));
  }
  else if (document.all) {
    // this is the way old msie versions work
    res = flip(document.all[szDivId]);
  }
  if(elem) {
    if(res == 0) elem.innerHTML = msg1; else elem.innerHTML = msg2;
  }

}

function toggleAllBoxes() {
  if (document.getElementsByTagName) {
    d = document.getElementsByTagName('div');
    for (i = 0; i < d.length; i++) {
      if (d[i].className == 'log') {
        flip(d[i]);
      }
    }
  }
}

// -->
</script>

</head>
<body>
<h2 align='center'>Test</h2><table border='1' align="center">
<tr>
<td>Tests passed/Failed/Skipped:</td><td>20/2/0</td>
</tr><tr>
<td>Started on:</td><td>Wed Apr 30 17:24:00 NPT 2025</td>
</tr>
<tr><td>Total time:</td><td>339 seconds (339442 ms)</td>
</tr><tr>
<td>Included groups:</td><td></td>
</tr><tr>
<td>Excluded groups:</td><td></td>
</tr>
</table><p/>
<small><i>(Hover the method name to see the test class name)</i></small><p/>
<table width='100%' border='1' class='invocation-failed'>
<tr><td colspan='4' align='center'><b>FAILED TESTS</b></td></tr>
<tr><td><b>Test method</b></td>
<td><b>Attribute(s)</b></td>
<td width="30%"><b>Exception</b></td>
<td width="10%"><b>Time (seconds)</b></td>
<td><b>Instance</b></td>
</tr>
<tr>
<td title='com.project.automationqa.tests.CheckoutTest.testPaymentDetailsEntryAndOrderConfirmation()'><b>testPaymentDetailsEntryAndOrderConfirmation</b><br>Test class: com.project.automationqa.tests.CheckoutTest<br>Test method: Test payment details entry and order confirmation<br/>
<a href="#Output-1909987902" onClick='toggleBox("Output-1909987902", this, "Show output", "Hide output");'>Show output</a>

<a href="#Output-1909987902" onClick="toggleAllBoxes();">Show all outputs</a>
<div class='log' id="Output-1909987902">
Starting testPaymentDetailsEntryAndOrderConfirmation test<br/>
Logged in successfully<br/>
Entered payment details<br/>
Submitted payment<br/>
</div>
</td>
<td><div><pre>org.openqa.selenium.TimeoutException: Expected condition failed: waiting for visibility of Proxy element for: DefaultElementLocator &apos;By.xpath: //div[@id=&apos;success_message&apos;]&apos; (tried for 10 second(s) with 500 milliseconds interval)
	at org.openqa.selenium.support.ui.WebDriverWait.timeoutException(WebDriverWait.java:84)
	at org.openqa.selenium.support.ui.FluentWait.until(FluentWait.java:228)
	at com.project.automationqa.pages.CheckoutPage.getOrderConfirmation(CheckoutPage.java:82)
	at com.project.automationqa.tests.CheckoutTest.testPaymentDetailsEntryAndOrderConfirmation(CheckoutTest.java:112)
	at java.base/java.util.ArrayList.forEach(ArrayList.java:1596)
Caused by: org.openqa.selenium.NoSuchElementException: no such element: Unable to locate element: {&quot;method&quot;:&quot;xpath&quot;,&quot;selector&quot;:&quot;//div[@id=&apos;success_message&apos;]&quot;}
  (Session info: chrome=136.0.7103.49)
For documentation on this error, please visit: https://www.selenium.dev/documentation/webdriver/troubleshooting/errors#no-such-element-exception
Build info: version: &apos;4.31.0&apos;, revision: &apos;1ef9f18787*&apos;
System info: os.name: &apos;Windows 11&apos;, os.arch: &apos;amd64&apos;, os.version: &apos;10.0&apos;, java.version: &apos;21.0.6&apos;
Driver info: org.openqa.selenium.chrome.ChromeDriver
Command: [2854aa07332ac566b50dec8d3c7bbf3e, findElement {value=//div[@id=&apos;success_message&apos;], using=xpath}]
Capabilities {acceptInsecureCerts: false, browserName: chrome, browserVersion: 136.0.7103.49, chrome: {chromedriverVersion: 136.0.7103.49 (031848bc6ad0..., userDataDir: C:\Users\ADMINI~1\AppData\L...}, fedcm:accounts: true, goog:chromeOptions: {debuggerAddress: localhost:12759}, networkConnectionEnabled: false, pageLoadStrategy: normal, platformName: windows, proxy: Proxy(), se:cdp: ws://localhost:12759/devtoo..., se:cdpVersion: 136.0.7103.49, setWindowRect: true, strictFileInteractability: false, timeouts: {implicit: 0, pageLoad: 300000, script: 30000}, unhandledPromptBehavior: dismiss and notify, webauthn:extension:credBlob: true, webauthn:extension:largeBlob: true, webauthn:extension:minPinLength: true, webauthn:extension:prf: true, webauthn:virtualAuthenticators: true}
Session ID: 2854aa07332ac566b50dec8d3c7bbf3e
	at org.openqa.selenium.remote.ErrorCodec.decode(ErrorCodec.java:167)
	at org.openqa.selenium.remote.codec.w3c.W3CHttpResponseCodec.decode(W3CHttpResponseCodec.java:138)
	at org.openqa.selenium.remote.codec.w3c.W3CHttpResponseCodec.decode(W3CHttpResponseCodec.java:50)
	at org.openqa.selenium.remote.HttpCommandExecutor.execute(HttpCommandExecutor.java:215)
	at org.openqa.selenium.remote.service.DriverCommandExecutor.invokeExecute(DriverCommandExecutor.java:216)
	at org.openqa.selenium.remote.service.DriverCommandExecutor.execute(DriverCommandExecutor.java:174)
	at org.openqa.selenium.remote.RemoteWebDriver.execute(RemoteWebDriver.java:545)
	at org.openqa.selenium.remote.ElementLocation$ElementFinder$2.findElement(ElementLocation.java:165)
	at org.openqa.selenium.remote.ElementLocation.findElement(ElementLocation.java:59)
	at org.openqa.selenium.remote.RemoteWebDriver.findElement(RemoteWebDriver.java:368)
	at org.openqa.selenium.remote.RemoteWebDriver.findElement(RemoteWebDriver.java:362)
	at org.openqa.selenium.support.pagefactory.DefaultElementLocator.findElement(DefaultElementLocator.java:68)
	at org.openqa.selenium.support.pagefactory.internal.LocatingElementHandler.invoke(LocatingElementHandler.java:38)
	at jdk.proxy2/jdk.proxy2.$Proxy12.isDisplayed(Unknown Source)
	at org.openqa.selenium.support.ui.ExpectedConditions.elementIfVisible(ExpectedConditions.java:304)
	at org.openqa.selenium.support.ui.ExpectedConditions$10.apply(ExpectedConditions.java:290)
	at org.openqa.selenium.support.ui.ExpectedConditions$10.apply(ExpectedConditions.java:287)
	at org.openqa.selenium.support.ui.FluentWait.until(FluentWait.java:203)
	... 28 more
... Removed 28 stack frames</pre></div><a href='#' onClick='toggleBox("stack-trace1909987902", this, "Click to show all stack frames", "Click to hide stack frames")'>Click to show all stack frames</a>
<div class='stack-trace' id='stack-trace1909987902'><pre>org.openqa.selenium.TimeoutException: Expected condition failed: waiting for visibility of Proxy element for: DefaultElementLocator &apos;By.xpath: //div[@id=&apos;success_message&apos;]&apos; (tried for 10 second(s) with 500 milliseconds interval)
	at org.openqa.selenium.support.ui.WebDriverWait.timeoutException(WebDriverWait.java:84)
	at org.openqa.selenium.support.ui.FluentWait.until(FluentWait.java:228)
	at com.project.automationqa.pages.CheckoutPage.getOrderConfirmation(CheckoutPage.java:82)
	at com.project.automationqa.tests.CheckoutTest.testPaymentDetailsEntryAndOrderConfirmation(CheckoutTest.java:112)
	at java.base/jdk.internal.reflect.DirectMethodHandleAccessor.invoke(DirectMethodHandleAccessor.java:103)
	at java.base/java.lang.reflect.Method.invoke(Method.java:580)
	at org.testng.internal.invokers.MethodInvocationHelper.invokeMethod(MethodInvocationHelper.java:141)
	at org.testng.internal.invokers.TestInvoker.invokeMethod(TestInvoker.java:687)
	at org.testng.internal.invokers.TestInvoker.invokeTestMethod(TestInvoker.java:230)
	at org.testng.internal.invokers.MethodRunner.runInSequence(MethodRunner.java:63)
	at org.testng.internal.invokers.TestInvoker$MethodInvocationAgent.invoke(TestInvoker.java:995)
	at org.testng.internal.invokers.TestInvoker.invokeTestMethods(TestInvoker.java:203)
	at org.testng.internal.invokers.TestMethodWorker.invokeTestMethods(TestMethodWorker.java:154)
	at org.testng.internal.invokers.TestMethodWorker.run(TestMethodWorker.java:134)
	at java.base/java.util.ArrayList.forEach(ArrayList.java:1596)
	at org.testng.TestRunner.privateRun(TestRunner.java:741)
	at org.testng.TestRunner.run(TestRunner.java:616)
	at org.testng.SuiteRunner.runTest(SuiteRunner.java:421)
	at org.testng.SuiteRunner.runSequentially(SuiteRunner.java:413)
	at org.testng.SuiteRunner.privateRun(SuiteRunner.java:373)
	at org.testng.SuiteRunner.run(SuiteRunner.java:312)
	at org.testng.SuiteRunnerWorker.runSuite(SuiteRunnerWorker.java:52)
	at org.testng.SuiteRunnerWorker.run(SuiteRunnerWorker.java:95)
	at org.testng.TestNG.runSuitesSequentially(TestNG.java:1274)
	at org.testng.TestNG.runSuitesLocally(TestNG.java:1208)
	at org.testng.TestNG.runSuites(TestNG.java:1112)
	at org.testng.TestNG.run(TestNG.java:1079)
	at org.testng.remote.AbstractRemoteTestNG.run(AbstractRemoteTestNG.java:115)
	at org.testng.remote.RemoteTestNG.initAndRun(RemoteTestNG.java:293)
	at org.testng.remote.RemoteTestNG.main(RemoteTestNG.java:91)
Caused by: org.openqa.selenium.NoSuchElementException: no such element: Unable to locate element: {&quot;method&quot;:&quot;xpath&quot;,&quot;selector&quot;:&quot;//div[@id=&apos;success_message&apos;]&quot;}
  (Session info: chrome=136.0.7103.49)
For documentation on this error, please visit: https://www.selenium.dev/documentation/webdriver/troubleshooting/errors#no-such-element-exception
Build info: version: &apos;4.31.0&apos;, revision: &apos;1ef9f18787*&apos;
System info: os.name: &apos;Windows 11&apos;, os.arch: &apos;amd64&apos;, os.version: &apos;10.0&apos;, java.version: &apos;21.0.6&apos;
Driver info: org.openqa.selenium.chrome.ChromeDriver
Command: [2854aa07332ac566b50dec8d3c7bbf3e, findElement {value=//div[@id=&apos;success_message&apos;], using=xpath}]
Capabilities {acceptInsecureCerts: false, browserName: chrome, browserVersion: 136.0.7103.49, chrome: {chromedriverVersion: 136.0.7103.49 (031848bc6ad0..., userDataDir: C:\Users\ADMINI~1\AppData\L...}, fedcm:accounts: true, goog:chromeOptions: {debuggerAddress: localhost:12759}, networkConnectionEnabled: false, pageLoadStrategy: normal, platformName: windows, proxy: Proxy(), se:cdp: ws://localhost:12759/devtoo..., se:cdpVersion: 136.0.7103.49, setWindowRect: true, strictFileInteractability: false, timeouts: {implicit: 0, pageLoad: 300000, script: 30000}, unhandledPromptBehavior: dismiss and notify, webauthn:extension:credBlob: true, webauthn:extension:largeBlob: true, webauthn:extension:minPinLength: true, webauthn:extension:prf: true, webauthn:virtualAuthenticators: true}
Session ID: 2854aa07332ac566b50dec8d3c7bbf3e
	at java.base/jdk.internal.reflect.DirectConstructorHandleAccessor.newInstance(DirectConstructorHandleAccessor.java:62)
	at java.base/java.lang.reflect.Constructor.newInstanceWithCaller(Constructor.java:502)
	at java.base/java.lang.reflect.Constructor.newInstance(Constructor.java:486)
	at org.openqa.selenium.remote.ErrorCodec.decode(ErrorCodec.java:167)
	at org.openqa.selenium.remote.codec.w3c.W3CHttpResponseCodec.decode(W3CHttpResponseCodec.java:138)
	at org.openqa.selenium.remote.codec.w3c.W3CHttpResponseCodec.decode(W3CHttpResponseCodec.java:50)
	at org.openqa.selenium.remote.HttpCommandExecutor.execute(HttpCommandExecutor.java:215)
	at org.openqa.selenium.remote.service.DriverCommandExecutor.invokeExecute(DriverCommandExecutor.java:216)
	at org.openqa.selenium.remote.service.DriverCommandExecutor.execute(DriverCommandExecutor.java:174)
	at org.openqa.selenium.remote.RemoteWebDriver.execute(RemoteWebDriver.java:545)
	at org.openqa.selenium.remote.ElementLocation$ElementFinder$2.findElement(ElementLocation.java:165)
	at org.openqa.selenium.remote.ElementLocation.findElement(ElementLocation.java:59)
	at org.openqa.selenium.remote.RemoteWebDriver.findElement(RemoteWebDriver.java:368)
	at org.openqa.selenium.remote.RemoteWebDriver.findElement(RemoteWebDriver.java:362)
	at org.openqa.selenium.support.pagefactory.DefaultElementLocator.findElement(DefaultElementLocator.java:68)
	at org.openqa.selenium.support.pagefactory.internal.LocatingElementHandler.invoke(LocatingElementHandler.java:38)
	at jdk.proxy2/jdk.proxy2.$Proxy12.isDisplayed(Unknown Source)
	at org.openqa.selenium.support.ui.ExpectedConditions.elementIfVisible(ExpectedConditions.java:304)
	at org.openqa.selenium.support.ui.ExpectedConditions$10.apply(ExpectedConditions.java:290)
	at org.openqa.selenium.support.ui.ExpectedConditions$10.apply(ExpectedConditions.java:287)
	at org.openqa.selenium.support.ui.FluentWait.until(FluentWait.java:203)
	... 28 more
</pre></div></td>
<td>25</td>
<td>com.project.automationqa.tests.CheckoutTest@24aed80c</td></tr>
<tr>
<td title='com.project.automationqa.tests.CartManagementTest.testRemoveItemsFromCart()'><b>testRemoveItemsFromCart</b><br>Test class: com.project.automationqa.tests.CartManagementTest<br>Test method: Test removing items from cart<br/>
<a href="#Output-1533413117" onClick='toggleBox("Output-1533413117", this, "Show output", "Hide output");'>Show output</a>

<a href="#Output-1533413117" onClick="toggleAllBoxes();">Show all outputs</a>
<div class='log' id="Output-1533413117">
Starting testRemoveItemsFromCart test<br/>
Logged in successfully<br/>
Initial cart state - Items: 3, Total: Rs. 6500<br/>
Removed first item from cart<br/>
Final cart state - Items: 3, Total: Rs. 6500<br/>
</div>
</td>
<td><div><pre>java.lang.AssertionError: Cart item count should decrease by 1 after removal expected [2] but found [3]
	at com.project.automationqa.tests.CartManagementTest.testRemoveItemsFromCart(CartManagementTest.java:110)
	at java.base/java.util.ArrayList.forEach(ArrayList.java:1596)
... Removed 31 stack frames</pre></div><a href='#' onClick='toggleBox("stack-trace1533413117", this, "Click to show all stack frames", "Click to hide stack frames")'>Click to show all stack frames</a>
<div class='stack-trace' id='stack-trace1533413117'><pre>java.lang.AssertionError: Cart item count should decrease by 1 after removal expected [2] but found [3]
	at org.testng.Assert.fail(Assert.java:111)
	at org.testng.Assert.failNotEquals(Assert.java:1590)
	at org.testng.Assert.assertEqualsImpl(Assert.java:150)
	at org.testng.Assert.assertEquals(Assert.java:132)
	at org.testng.Assert.assertEquals(Assert.java:1431)
	at org.testng.Assert.assertEquals(Assert.java:1395)
	at com.project.automationqa.tests.CartManagementTest.testRemoveItemsFromCart(CartManagementTest.java:110)
	at java.base/jdk.internal.reflect.DirectMethodHandleAccessor.invoke(DirectMethodHandleAccessor.java:103)
	at java.base/java.lang.reflect.Method.invoke(Method.java:580)
	at org.testng.internal.invokers.MethodInvocationHelper.invokeMethod(MethodInvocationHelper.java:141)
	at org.testng.internal.invokers.TestInvoker.invokeMethod(TestInvoker.java:687)
	at org.testng.internal.invokers.TestInvoker.invokeTestMethod(TestInvoker.java:230)
	at org.testng.internal.invokers.MethodRunner.runInSequence(MethodRunner.java:63)
	at org.testng.internal.invokers.TestInvoker$MethodInvocationAgent.invoke(TestInvoker.java:995)
	at org.testng.internal.invokers.TestInvoker.invokeTestMethods(TestInvoker.java:203)
	at org.testng.internal.invokers.TestMethodWorker.invokeTestMethods(TestMethodWorker.java:154)
	at org.testng.internal.invokers.TestMethodWorker.run(TestMethodWorker.java:134)
	at java.base/java.util.ArrayList.forEach(ArrayList.java:1596)
	at org.testng.TestRunner.privateRun(TestRunner.java:741)
	at org.testng.TestRunner.run(TestRunner.java:616)
	at org.testng.SuiteRunner.runTest(SuiteRunner.java:421)
	at org.testng.SuiteRunner.runSequentially(SuiteRunner.java:413)
	at org.testng.SuiteRunner.privateRun(SuiteRunner.java:373)
	at org.testng.SuiteRunner.run(SuiteRunner.java:312)
	at org.testng.SuiteRunnerWorker.runSuite(SuiteRunnerWorker.java:52)
	at org.testng.SuiteRunnerWorker.run(SuiteRunnerWorker.java:95)
	at org.testng.TestNG.runSuitesSequentially(TestNG.java:1274)
	at org.testng.TestNG.runSuitesLocally(TestNG.java:1208)
	at org.testng.TestNG.runSuites(TestNG.java:1112)
	at org.testng.TestNG.run(TestNG.java:1079)
	at org.testng.remote.AbstractRemoteTestNG.run(AbstractRemoteTestNG.java:115)
	at org.testng.remote.RemoteTestNG.initAndRun(RemoteTestNG.java:293)
	at org.testng.remote.RemoteTestNG.main(RemoteTestNG.java:91)
</pre></div></td>
<td>6</td>
<td>com.project.automationqa.tests.CartManagementTest@2aceadd4</td></tr>
</table><p>
<table width='100%' border='1' class='invocation-passed'>
<tr><td colspan='4' align='center'><b>PASSED TESTS</b></td></tr>
<tr><td><b>Test method</b></td>
<td><b>Attribute(s)</b></td>
<td width="30%"><b>Exception</b></td>
<td width="10%"><b>Time (seconds)</b></td>
<td><b>Instance</b></td>
</tr>
<tr>
<td title='com.project.automationqa.tests.RegisterTest.testDuplicateRegistrationWithStoredEmail()'><b>testDuplicateRegistrationWithStoredEmail</b><br>Test class: com.project.automationqa.tests.RegisterTest<br>Test method: Test duplicate registration with stored email<br/>
<a href="#Output-90081468" onClick='toggleBox("Output-90081468", this, "Show output", "Hide output");'>Show output</a>

<a href="#Output-90081468" onClick="toggleAllBoxes();">Show all outputs</a>
<div class='log' id="Output-90081468">
Starting testDuplicateRegistrationWithStoredEmail test<br/>
Using stored email: clementina.gerlach@yahoo.com<br/>
Attempted registration with existing email<br/>
Verified duplicate email error message<br/>
</div>
</td>
<td></td>
<td>2</td>
<td>com.project.automationqa.tests.RegisterTest@327514f</td></tr>
<tr>
<td title='com.project.automationqa.tests.ProductBrowsingTest.testProductBrowsingAndFiltering()'><b>testProductBrowsingAndFiltering</b><br>Test class: com.project.automationqa.tests.ProductBrowsingTest<br>Test method: Test product browsing and filtering by Women's Dress category<br/>
<a href="#Output-2041316009" onClick='toggleBox("Output-2041316009", this, "Show output", "Hide output");'>Show output</a>

<a href="#Output-2041316009" onClick="toggleAllBoxes();">Show all outputs</a>
<div class='log' id="Output-2041316009">
Starting testProductBrowsingAndFiltering test<br/>
Navigated to products page<br/>
Applied Women > Dress filter<br/>
Verified filtered products contain 'dress' keyword<br/>
</div>
</td>
<td></td>
<td>9</td>
<td>com.project.automationqa.tests.ProductBrowsingTest@24269709</td></tr>
<tr>
<td title='com.project.automationqa.tests.RegisterTest.testMinimalRegistration()'><b>testMinimalRegistration</b><br>Test class: com.project.automationqa.tests.RegisterTest<br>Test method: Test registration with minimum required fields<br/>
<a href="#Output-1074933780" onClick='toggleBox("Output-1074933780", this, "Show output", "Hide output");'>Show output</a>

<a href="#Output-1074933780" onClick="toggleAllBoxes();">Show all outputs</a>
<div class='log' id="Output-1074933780">
Starting testMinimalRegistration test<br/>
Generated minimal required fields<br/>
Filled minimal registration form<br/>
Verified minimal registration success<br/>
</div>
</td>
<td></td>
<td>7</td>
<td>com.project.automationqa.tests.RegisterTest@327514f</td></tr>
<tr>
<td title='com.project.automationqa.tests.CartManagementTest.testCartPersistence()'><b>testCartPersistence</b><br>Test class: com.project.automationqa.tests.CartManagementTest<br>Test method: Test cart persistence after logout<br/>
<a href="#Output-1914690137" onClick='toggleBox("Output-1914690137", this, "Show output", "Hide output");'>Show output</a>

<a href="#Output-1914690137" onClick="toggleAllBoxes();">Show all outputs</a>
<div class='log' id="Output-1914690137">
Starting testCartPersistence test<br/>
Logged in successfully<br/>
Cart state before logout - Items: 3, Total: Rs. 6500<br/>
Logged out<br/>
Logged in again<br/>
Cart state after login - Items: 3, Total: Rs. 6500<br/>
Verified cart state is preserved after logout and login<br/>
</div>
</td>
<td></td>
<td>9</td>
<td>com.project.automationqa.tests.CartManagementTest@2aceadd4</td></tr>
<tr>
<td title='com.project.automationqa.tests.CheckoutTest.testCheckoutPageNavigation()'><b>testCheckoutPageNavigation</b><br>Test class: com.project.automationqa.tests.CheckoutTest<br>Test method: Test checkout page navigation and form display<br/>
<a href="#Output-897523289" onClick='toggleBox("Output-897523289", this, "Show output", "Hide output");'>Show output</a>

<a href="#Output-897523289" onClick="toggleAllBoxes();">Show all outputs</a>
<div class='log' id="Output-897523289">
Starting testCheckoutPageNavigation test<br/>
Logged in successfully<br/>
Navigated to checkout page<br/>
Verified all checkout form elements are visible<br/>
Clicked Place Order button<br/>
</div>
</td>
<td></td>
<td>8</td>
<td>com.project.automationqa.tests.CheckoutTest@24aed80c</td></tr>
<tr>
<td title='com.project.automationqa.tests.ProductBrowsingTest.testAddToCartWithMinimumQuantity()'><b>testAddToCartWithMinimumQuantity</b><br>Test class: com.project.automationqa.tests.ProductBrowsingTest<br>Test method: Test adding product to cart with minimum quantity<br/>
<a href="#Output-2140341780" onClick='toggleBox("Output-2140341780", this, "Show output", "Hide output");'>Show output</a>

<a href="#Output-2140341780" onClick="toggleAllBoxes();">Show all outputs</a>
<div class='log' id="Output-2140341780">
Starting testAddToCartWithMinimumQuantity test<br/>
Navigated to products page<br/>
Clicked on first product<br/>
Set product quantity to minimum (1)<br/>
Added product to cart<br/>
Verified items in cart<br/>
</div>
</td>
<td></td>
<td>8</td>
<td>com.project.automationqa.tests.ProductBrowsingTest@24269709</td></tr>
<tr>
<td title='com.project.automationqa.tests.CartManagementTest.testAddItemsToCart()'><b>testAddItemsToCart</b><br>Test class: com.project.automationqa.tests.CartManagementTest<br>Test method: Test adding items to cart<br/>
<a href="#Output-511001788" onClick='toggleBox("Output-511001788", this, "Show output", "Hide output");'>Show output</a>

<a href="#Output-511001788" onClick="toggleAllBoxes();">Show all outputs</a>
<div class='log' id="Output-511001788">
Starting testAddItemsToCart test<br/>
Logged in successfully<br/>
Added items to cart<br/>
Verified items were added to cart<br/>
</div>
</td>
<td></td>
<td>10</td>
<td>com.project.automationqa.tests.CartManagementTest@2aceadd4</td></tr>
<tr>
<td title='com.project.automationqa.tests.ProductBrowsingTest.testViewProductDetails()'><b>testViewProductDetails</b><br>Test class: com.project.automationqa.tests.ProductBrowsingTest<br>Test method: Test viewing detailed product information and availability<br/>
<a href="#Output-33115637" onClick='toggleBox("Output-33115637", this, "Show output", "Hide output");'>Show output</a>

<a href="#Output-33115637" onClick="toggleAllBoxes();">Show all outputs</a>
<div class='log' id="Output-33115637">
Starting testViewProductDetails test<br/>
Navigated to products page<br/>
Clicked view product button<br/>
Verified product availability in detailed view: Availability: In Stock<br/>
</div>
</td>
<td></td>
<td>6</td>
<td>com.project.automationqa.tests.ProductBrowsingTest@24269709</td></tr>
<tr>
<td title='com.project.automationqa.tests.ProductBrowsingTest.testClickOnFirstProduct()'><b>testClickOnFirstProduct</b><br>Test class: com.project.automationqa.tests.ProductBrowsingTest<br>Test method: Test clicking on first product and verifying product details<br/>
<a href="#Output-1629265201" onClick='toggleBox("Output-1629265201", this, "Show output", "Hide output");'>Show output</a>

<a href="#Output-1629265201" onClick="toggleAllBoxes();">Show all outputs</a>
<div class='log' id="Output-1629265201">
Starting testClickOnFirstProduct test<br/>
Navigated to products page<br/>
Clicked on first product<br/>
Retrieved product details - Name: Blue Top, Price: Rs. 500<br/>
Verified product details are valid<br/>
</div>
</td>
<td></td>
<td>6</td>
<td>com.project.automationqa.tests.ProductBrowsingTest@24269709</td></tr>
<tr>
<td title='com.project.automationqa.tests.LoginTest.testSuccessfulLogin()'><b>testSuccessfulLogin</b><br>Test class: com.project.automationqa.tests.LoginTest<br>Test method: Test successful login<br/>
<a href="#Output-125112538" onClick='toggleBox("Output-125112538", this, "Show output", "Hide output");'>Show output</a>

<a href="#Output-125112538" onClick="toggleAllBoxes();">Show all outputs</a>
<div class='log' id="Output-125112538">
Starting testSuccessfulLogin test<br/>
Navigated to login page<br/>
Attempted login with stored credentials<br/>
Verified successful login<br/>
</div>
</td>
<td></td>
<td>4</td>
<td>com.project.automationqa.tests.LoginTest@7a8c8dcf</td></tr>
<tr>
<td title='com.project.automationqa.tests.ProductBrowsingTest.testAddToCartWithMaximumQuantity()'><b>testAddToCartWithMaximumQuantity</b><br>Test class: com.project.automationqa.tests.ProductBrowsingTest<br>Test method: Test adding product to cart with maximum quantity<br/>
<a href="#Output-1067881973" onClick='toggleBox("Output-1067881973", this, "Show output", "Hide output");'>Show output</a>

<a href="#Output-1067881973" onClick="toggleAllBoxes();">Show all outputs</a>
<div class='log' id="Output-1067881973">
Starting testAddToCartWithMaximumQuantity test<br/>
Navigated to products page<br/>
Clicked on first product<br/>
Set product quantity to maximum (10)<br/>
Added product to cart<br/>
Verified items in cart<br/>
</div>
</td>
<td></td>
<td>8</td>
<td>com.project.automationqa.tests.ProductBrowsingTest@24269709</td></tr>
<tr>
<td title='com.project.automationqa.tests.LoginTest.testLogout()'><b>testLogout</b><br>Test class: com.project.automationqa.tests.LoginTest<br>Test method: Test logout<br/>
<a href="#Output-1513195333" onClick='toggleBox("Output-1513195333", this, "Show output", "Hide output");'>Show output</a>

<a href="#Output-1513195333" onClick="toggleAllBoxes();">Show all outputs</a>
<div class='log' id="Output-1513195333">
Starting testLogout test<br/>
Logged in with stored credentials<br/>
Attempted logout<br/>
Verified successful logout<br/>
</div>
</td>
<td></td>
<td>36</td>
<td>com.project.automationqa.tests.LoginTest@7a8c8dcf</td></tr>
<tr>
<td title='com.project.automationqa.tests.ProductBrowsingTest.testAddToCartWithIncreasedQuantity()'><b>testAddToCartWithIncreasedQuantity</b><br>Test class: com.project.automationqa.tests.ProductBrowsingTest<br>Test method: Test adding product to cart with increased quantity<br/>
<a href="#Output-1864920605" onClick='toggleBox("Output-1864920605", this, "Show output", "Hide output");'>Show output</a>

<a href="#Output-1864920605" onClick="toggleAllBoxes();">Show all outputs</a>
<div class='log' id="Output-1864920605">
Starting testAddToCartWithIncreasedQuantity test<br/>
Navigated to products page<br/>
Clicked on first product<br/>
Increased product quantity to 2<br/>
Added product to cart<br/>
Navigated to products page<br/>
Clicked on first product<br/>
Increased product quantity to 2<br/>
Added product to cart<br/>
Verified items in cart<br/>
</div>
</td>
<td></td>
<td>14</td>
<td>com.project.automationqa.tests.ProductBrowsingTest@24269709</td></tr>
<tr>
<td title='com.project.automationqa.tests.CheckoutTest.testProceedToCheckout()'><b>testProceedToCheckout</b><br>Test class: com.project.automationqa.tests.CheckoutTest<br>Test method: Test adding items and proceeding to checkout<br/>
<a href="#Output-156566688" onClick='toggleBox("Output-156566688", this, "Show output", "Hide output");'>Show output</a>

<a href="#Output-156566688" onClick="toggleAllBoxes();">Show all outputs</a>
<div class='log' id="Output-156566688">
Starting testProceedToCheckout test<br/>
Logged in successfully<br/>
Added items to cart<br/>
Verified proceed to checkout button is visible<br/>
</div>
</td>
<td></td>
<td>8</td>
<td>com.project.automationqa.tests.CheckoutTest@24aed80c</td></tr>
<tr>
<td title='com.project.automationqa.tests.RegisterTest.verifyStoredRegistrationData()'><b>verifyStoredRegistrationData</b><br>Test class: com.project.automationqa.tests.RegisterTest<br>Test method: Verify stored registration data<br/>
<a href="#Output-1440325059" onClick='toggleBox("Output-1440325059", this, "Show output", "Hide output");'>Show output</a>

<a href="#Output-1440325059" onClick="toggleAllBoxes();">Show all outputs</a>
<div class='log' id="Output-1440325059">
Starting verifyStoredRegistrationData test<br/>
Retrieved stored data - Email: clementina.gerlach@yahoo.com, FullName: Wesley Kilback<br/>
Verified all data is stored properly<br/>
</div>
</td>
<td></td>
<td>0</td>
<td>com.project.automationqa.tests.RegisterTest@327514f</td></tr>
<tr>
<td title='com.project.automationqa.tests.LoginTest.testReLogin()'><b>testReLogin</b><br>Test class: com.project.automationqa.tests.LoginTest<br>Test method: Test re-login with same credentials<br/>
<a href="#Output-1057230750" onClick='toggleBox("Output-1057230750", this, "Show output", "Hide output");'>Show output</a>

<a href="#Output-1057230750" onClick="toggleAllBoxes();">Show all outputs</a>
<div class='log' id="Output-1057230750">
Starting testReLogin test<br/>
Completed first login<br/>
Completed logout<br/>
Attempted re-login<br/>
Verified successful re-login<br/>
</div>
</td>
<td></td>
<td>9</td>
<td>com.project.automationqa.tests.LoginTest@7a8c8dcf</td></tr>
<tr>
<td title='com.project.automationqa.tests.LoginTest.testInvalidLogin()'><b>testInvalidLogin</b><br>Test class: com.project.automationqa.tests.LoginTest<br>Test method: Test login with invalid credentials<br/>
<a href="#Output-1638591569" onClick='toggleBox("Output-1638591569", this, "Show output", "Hide output");'>Show output</a>

<a href="#Output-1638591569" onClick="toggleAllBoxes();">Show all outputs</a>
<div class='log' id="Output-1638591569">
Starting testInvalidLogin test<br/>
Navigated to login page<br/>
Attempted login with invalid credentials<br/>
Verified error message for invalid login<br/>
</div>
</td>
<td></td>
<td>3</td>
<td>com.project.automationqa.tests.LoginTest@7a8c8dcf</td></tr>
<tr>
<td title='com.project.automationqa.tests.CartManagementTest.testCartItemCountAndTotal()'><b>testCartItemCountAndTotal</b><br>Test class: com.project.automationqa.tests.CartManagementTest<br>Test method: Test cart item count and total calculation<br/>
<a href="#Output-1370649806" onClick='toggleBox("Output-1370649806", this, "Show output", "Hide output");'>Show output</a>

<a href="#Output-1370649806" onClick="toggleAllBoxes();">Show all outputs</a>
<div class='log' id="Output-1370649806">
Logged in successfully<br/>
Starting testCartItemCountAndTotal test<br/>
Initial cart state - Items: 3, Total: Rs. 6500<br/>
Verified cart state is valid<br/>
</div>
</td>
<td></td>
<td>5</td>
<td>com.project.automationqa.tests.CartManagementTest@2aceadd4</td></tr>
<tr>
<td title='com.project.automationqa.tests.RegisterTest.testCompleteRegistrationWithDataStorage()'><b>testCompleteRegistrationWithDataStorage</b><br>Test class: com.project.automationqa.tests.RegisterTest<br>Test method: Complete new user registration with data storage<br/>
<a href="#Output-929339610" onClick='toggleBox("Output-929339610", this, "Show output", "Hide output");'>Show output</a>

<a href="#Output-929339610" onClick="toggleAllBoxes();">Show all outputs</a>
<div class='log' id="Output-929339610">
Starting testCompleteRegistrationWithDataStorage test<br/>
Completed registration flow<br/>
Verified account creation<br/>
</div>
</td>
<td></td>
<td>29</td>
<td>com.project.automationqa.tests.RegisterTest@327514f</td></tr>
<tr>
<td title='com.project.automationqa.tests.LoginTest.testLogoutAndRelogin()'><b>testLogoutAndRelogin</b><br>Test class: com.project.automationqa.tests.LoginTest<br>Test method: Test Logout And Re-Login<br/>
<a href="#Output-984771757" onClick='toggleBox("Output-984771757", this, "Show output", "Hide output");'>Show output</a>

<a href="#Output-984771757" onClick="toggleAllBoxes();">Show all outputs</a>
<div class='log' id="Output-984771757">
Starting testLogoutAndRelogin test<br/>
Completed initial login<br/>
Stored initial user info: Dr. Luis Stoltenberg<br/>
Completed logout<br/>
Completed re-login<br/>
Verified user state preservation - Final user: Dr. Luis Stoltenberg<br/>
</div>
</td>
<td></td>
<td>10</td>
<td>com.project.automationqa.tests.LoginTest@7a8c8dcf</td></tr>
</table><p>
</body>
</html>