<?xml version="1.0" encoding="UTF-8"?>
<testng-results ignored="0" total="4" passed="3" failed="1" skipped="0">
  <reporter-output>
    <line>
      <![CDATA[Test Passed: Redirected to http://192.168.1.72:3000/]]>
    </line>
    <line>
      <![CDATA[Test Passed: Validation Message was Displayed below all the form Fields]]>
    </line>
    <line>
      <![CDATA[Test Passed: Validation Message was Displayed mentioning Email format Was invalid]]>
    </line>
  </reporter-output>
  <suite started-at="2025-03-06T13:56:51 GMT+05:45" name="Default suite" finished-at="2025-03-06T13:58:32 GMT+05:45" duration-ms="100401">
    <groups>
    </groups>
    <test started-at="2025-03-06T13:56:51 GMT+05:45" name="Default test" finished-at="2025-03-06T13:58:32 GMT+05:45" duration-ms="100401">
      <class name="com.project.zetalabs.tests.OrganizationCreateTest">
        <test-method is-config="true" signature="setup()[pri:0, instance:com.project.zetalabs.tests.OrganizationCreateTest@223191a6]" started-at="2025-03-06T13:56:51 GMT+05:45" name="setup" finished-at="2025-03-06T13:57:03 GMT+05:45" duration-ms="12039" status="PASS">
          <reporter-output>
          </reporter-output>
        </test-method> <!-- setup -->
        <test-method signature="verifyValidOrganizationCreation()[pri:1, instance:com.project.zetalabs.tests.OrganizationCreateTest@223191a6]" started-at="2025-03-06T13:57:03 GMT+05:45" name="verifyValidOrganizationCreation" finished-at="2025-03-06T13:57:14 GMT+05:45" duration-ms="10713" status="PASS">
          <reporter-output>
            <line>
              <![CDATA[Test Passed: Redirected to http://192.168.1.72:3000/]]>
            </line>
          </reporter-output>
        </test-method> <!-- verifyValidOrganizationCreation -->
        <test-method is-config="true" signature="closeBrowserSession(org.testng.ITestResult)[pri:0, instance:com.project.zetalabs.tests.OrganizationCreateTest@223191a6]" started-at="2025-03-06T13:57:14 GMT+05:45" name="closeBrowserSession" finished-at="2025-03-06T13:57:15 GMT+05:45" duration-ms="613" status="PASS">
          <params>
            <param index="0">
              <value>
                <![CDATA[[TestResult name=verifyValidOrganizationCreation status=SUCCESS method=OrganizationCreateTest.verifyValidOrganizationCreation()[pri:1, instance:com.project.zetalabs.tests.OrganizationCreateTest@223191a6] output=Test Passed: Redirected to http://192.168.1.72:3000/]]]>
              </value>
            </param>
          </params>
          <reporter-output>
          </reporter-output>
        </test-method> <!-- closeBrowserSession -->
        <test-method is-config="true" signature="setup()[pri:0, instance:com.project.zetalabs.tests.OrganizationCreateTest@223191a6]" started-at="2025-03-06T13:57:15 GMT+05:45" name="setup" finished-at="2025-03-06T13:57:26 GMT+05:45" duration-ms="11184" status="PASS">
          <reporter-output>
          </reporter-output>
        </test-method> <!-- setup -->
        <test-method signature="verifyBlankOrganizationCreation()[pri:2, instance:com.project.zetalabs.tests.OrganizationCreateTest@223191a6]" started-at="2025-03-06T13:57:26 GMT+05:45" name="verifyBlankOrganizationCreation" finished-at="2025-03-06T13:57:27 GMT+05:45" duration-ms="1735" status="PASS">
          <reporter-output>
            <line>
              <![CDATA[Test Passed: Validation Message was Displayed below all the form Fields]]>
            </line>
          </reporter-output>
        </test-method> <!-- verifyBlankOrganizationCreation -->
        <test-method is-config="true" signature="closeBrowserSession(org.testng.ITestResult)[pri:0, instance:com.project.zetalabs.tests.OrganizationCreateTest@223191a6]" started-at="2025-03-06T13:57:27 GMT+05:45" name="closeBrowserSession" finished-at="2025-03-06T13:57:28 GMT+05:45" duration-ms="496" status="PASS">
          <params>
            <param index="0">
              <value>
                <![CDATA[[TestResult name=verifyBlankOrganizationCreation status=SUCCESS method=OrganizationCreateTest.verifyBlankOrganizationCreation()[pri:2, instance:com.project.zetalabs.tests.OrganizationCreateTest@223191a6] output=Test Passed: Validation Message was Displayed below all the form Fields]]]>
              </value>
            </param>
          </params>
          <reporter-output>
          </reporter-output>
        </test-method> <!-- closeBrowserSession -->
        <test-method is-config="true" signature="setup()[pri:0, instance:com.project.zetalabs.tests.OrganizationCreateTest@223191a6]" started-at="2025-03-06T13:57:28 GMT+05:45" name="setup" finished-at="2025-03-06T13:57:39 GMT+05:45" duration-ms="10740" status="PASS">
          <reporter-output>
          </reporter-output>
        </test-method> <!-- setup -->
        <test-method signature="verifyInvalidEmailInOrganizationCreation()[pri:3, instance:com.project.zetalabs.tests.OrganizationCreateTest@223191a6]" started-at="2025-03-06T13:57:39 GMT+05:45" name="verifyInvalidEmailInOrganizationCreation" finished-at="2025-03-06T13:57:49 GMT+05:45" duration-ms="10213" status="PASS">
          <reporter-output>
            <line>
              <![CDATA[Test Passed: Validation Message was Displayed mentioning Email format Was invalid]]>
            </line>
          </reporter-output>
        </test-method> <!-- verifyInvalidEmailInOrganizationCreation -->
        <test-method is-config="true" signature="closeBrowserSession(org.testng.ITestResult)[pri:0, instance:com.project.zetalabs.tests.OrganizationCreateTest@223191a6]" started-at="2025-03-06T13:57:49 GMT+05:45" name="closeBrowserSession" finished-at="2025-03-06T13:57:50 GMT+05:45" duration-ms="602" status="PASS">
          <params>
            <param index="0">
              <value>
                <![CDATA[[TestResult name=verifyInvalidEmailInOrganizationCreation status=SUCCESS method=OrganizationCreateTest.verifyInvalidEmailInOrganizationCreation()[pri:3, instance:com.project.zetalabs.tests.OrganizationCreateTest@223191a6] output=Test Passed: Validation Message was Displayed mentioning Email format Was invalid]]]>
              </value>
            </param>
          </params>
          <reporter-output>
          </reporter-output>
        </test-method> <!-- closeBrowserSession -->
        <test-method is-config="true" signature="setup()[pri:0, instance:com.project.zetalabs.tests.OrganizationCreateTest@223191a6]" started-at="2025-03-06T13:57:50 GMT+05:45" name="setup" finished-at="2025-03-06T13:58:00 GMT+05:45" duration-ms="10612" status="PASS">
          <reporter-output>
          </reporter-output>
        </test-method> <!-- setup -->
        <test-method signature="verifyInvalidPhoneNumberInOrganizationCreate()[pri:4, instance:com.project.zetalabs.tests.OrganizationCreateTest@223191a6]" started-at="2025-03-06T13:58:00 GMT+05:45" name="verifyInvalidPhoneNumberInOrganizationCreate" finished-at="2025-03-06T13:58:31 GMT+05:45" duration-ms="30841" status="FAIL">
          <exception class="java.lang.AssertionError">
            <message>
              <![CDATA[Test Failed: Validation Message was not Displayed - Expected condition failed: waiting for visibility of element located by By.xpath: //p[.='Invalid email address'] (tried for 20 second(s) with 500 milliseconds interval)
Build info: version: '4.29.0', revision: '5fc1ec94cb'
System info: os.name: 'Windows 10', os.arch: 'amd64', os.version: '10.0', java.version: '23.0.1'
Driver info: org.openqa.selenium.chrome.ChromeDriver
Capabilities {acceptInsecureCerts: false, browserName: chrome, browserVersion: 133.0.6943.142, chrome: {chromedriverVersion: 133.0.6943.141 (2a5d6da0d61..., userDataDir: C:\Users\OFFICE~1\AppData\L...}, fedcm:accounts: true, goog:chromeOptions: {debuggerAddress: localhost:62743}, networkConnectionEnabled: false, pageLoadStrategy: normal, platformName: windows, proxy: Proxy(), se:cdp: ws://localhost:62743/devtoo..., se:cdpVersion: 133.0.6943.142, setWindowRect: true, strictFileInteractability: false, timeouts: {implicit: 0, pageLoad: 300000, script: 30000}, unhandledPromptBehavior: dismiss and notify, webauthn:extension:credBlob: true, webauthn:extension:largeBlob: true, webauthn:extension:minPinLength: true, webauthn:extension:prf: true, webauthn:virtualAuthenticators: true}
Session ID: 30320d044dc6d1339a649535a9b4cba4]]>
            </message>
            <full-stacktrace>
              <![CDATA[java.lang.AssertionError: Test Failed: Validation Message was not Displayed - Expected condition failed: waiting for visibility of element located by By.xpath: //p[.='Invalid email address'] (tried for 20 second(s) with 500 milliseconds interval)
Build info: version: '4.29.0', revision: '5fc1ec94cb'
System info: os.name: 'Windows 10', os.arch: 'amd64', os.version: '10.0', java.version: '23.0.1'
Driver info: org.openqa.selenium.chrome.ChromeDriver
Capabilities {acceptInsecureCerts: false, browserName: chrome, browserVersion: 133.0.6943.142, chrome: {chromedriverVersion: 133.0.6943.141 (2a5d6da0d61..., userDataDir: C:\Users\OFFICE~1\AppData\L...}, fedcm:accounts: true, goog:chromeOptions: {debuggerAddress: localhost:62743}, networkConnectionEnabled: false, pageLoadStrategy: normal, platformName: windows, proxy: Proxy(), se:cdp: ws://localhost:62743/devtoo..., se:cdpVersion: 133.0.6943.142, setWindowRect: true, strictFileInteractability: false, timeouts: {implicit: 0, pageLoad: 300000, script: 30000}, unhandledPromptBehavior: dismiss and notify, webauthn:extension:credBlob: true, webauthn:extension:largeBlob: true, webauthn:extension:minPinLength: true, webauthn:extension:prf: true, webauthn:virtualAuthenticators: true}
Session ID: 30320d044dc6d1339a649535a9b4cba4
at org.testng.Assert.fail(Assert.java:99)
at com.project.zetalabs.tests.OrganizationCreateTest.verifyInvalidPhoneNumberInOrganizationCreate(OrganizationCreateTest.java:138)
at java.base/jdk.internal.reflect.DirectMethodHandleAccessor.invoke(DirectMethodHandleAccessor.java:103)
at java.base/java.lang.reflect.Method.invoke(Method.java:580)
at org.testng.internal.MethodInvocationHelper.invokeMethod(MethodInvocationHelper.java:133)
at org.testng.internal.TestInvoker.invokeMethod(TestInvoker.java:598)
at org.testng.internal.TestInvoker.invokeTestMethod(TestInvoker.java:173)
at org.testng.internal.MethodRunner.runInSequence(MethodRunner.java:46)
at org.testng.internal.TestInvoker$MethodInvocationAgent.invoke(TestInvoker.java:824)
at org.testng.internal.TestInvoker.invokeTestMethods(TestInvoker.java:146)
at org.testng.internal.TestMethodWorker.invokeTestMethods(TestMethodWorker.java:146)
at org.testng.internal.TestMethodWorker.run(TestMethodWorker.java:128)
at java.base/java.util.ArrayList.forEach(ArrayList.java:1597)
at org.testng.TestRunner.privateRun(TestRunner.java:794)
at org.testng.TestRunner.run(TestRunner.java:596)
at org.testng.SuiteRunner.runTest(SuiteRunner.java:377)
at org.testng.SuiteRunner.runSequentially(SuiteRunner.java:371)
at org.testng.SuiteRunner.privateRun(SuiteRunner.java:332)
at org.testng.SuiteRunner.run(SuiteRunner.java:276)
at org.testng.SuiteRunnerWorker.runSuite(SuiteRunnerWorker.java:53)
at org.testng.SuiteRunnerWorker.run(SuiteRunnerWorker.java:96)
at org.testng.TestNG.runSuitesSequentially(TestNG.java:1212)
at org.testng.TestNG.runSuitesLocally(TestNG.java:1134)
at org.testng.TestNG.runSuites(TestNG.java:1063)
at org.testng.TestNG.run(TestNG.java:1031)
at org.testng.remote.AbstractRemoteTestNG.run(AbstractRemoteTestNG.java:115)
at org.testng.remote.RemoteTestNG.initAndRun(RemoteTestNG.java:293)
at org.testng.remote.RemoteTestNG.main(RemoteTestNG.java:91)
]]>
            </full-stacktrace>
          </exception> <!-- java.lang.AssertionError -->
          <reporter-output>
          </reporter-output>
        </test-method> <!-- verifyInvalidPhoneNumberInOrganizationCreate -->
        <test-method is-config="true" signature="closeBrowserSession(org.testng.ITestResult)[pri:0, instance:com.project.zetalabs.tests.OrganizationCreateTest@223191a6]" started-at="2025-03-06T13:58:31 GMT+05:45" name="closeBrowserSession" finished-at="2025-03-06T13:58:32 GMT+05:45" duration-ms="550" status="PASS">
          <params>
            <param index="0">
              <value>
                <![CDATA[[TestResult name=verifyInvalidPhoneNumberInOrganizationCreate status=FAILURE method=OrganizationCreateTest.verifyInvalidPhoneNumberInOrganizationCreate()[pri:4, instance:com.project.zetalabs.tests.OrganizationCreateTest@223191a6] output={null}]]]>
              </value>
            </param>
          </params>
          <reporter-output>
          </reporter-output>
        </test-method> <!-- closeBrowserSession -->
      </class> <!-- com.project.zetalabs.tests.OrganizationCreateTest -->
    </test> <!-- Default test -->
  </suite> <!-- Default suite -->
</testng-results>
