<?xml version="1.0" encoding="UTF-8"?>
<!-- Generated by org.testng.reporters.JUnitReportReporter -->
<testsuite hostname="HaRdIk-PC" failures="1" tests="4" name="com.project.automationqa.tests.CartManagementTest" time="51.831" errors="0" timestamp="2025-04-30T17:29:40 NPT" skipped="0">
  <testcase classname="com.project.automationqa.tests.CartManagementTest" name="testAddItemsToCart" time="13.642">
    <system-out>
      <![CDATA[Starting testAddItemsToCart test
Logged in successfully
Added items to cart
Verified items were added to cart]]>
    </system-out>
  </testcase> <!-- testAddItemsToCart -->
  <testcase classname="com.project.automationqa.tests.CartManagementTest" name="testCartItemCountAndTotal" time="10.957">
    <system-out>
      <![CDATA[Logged in successfully
Starting testCartItemCountAndTotal test
Initial cart state - Items: 3, Total: Rs. 6500
Verified cart state is valid]]>
    </system-out>
  </testcase> <!-- testCartItemCountAndTotal -->
  <testcase classname="com.project.automationqa.tests.CartManagementTest" name="testCartPersistence" time="15.670">
    <system-out>
      <![CDATA[Starting testCartPersistence test
Logged in successfully
Cart state before logout - Items: 3, Total: Rs. 6500
Logged out
Logged in again
Cart state after login - Items: 3, Total: Rs. 6500
Verified cart state is preserved after logout and login]]>
    </system-out>
  </testcase> <!-- testCartPersistence -->
  <testcase classname="com.project.automationqa.tests.CartManagementTest" name="testRemoveItemsFromCart" time="11.562">
    <failure message="Cart item count should decrease by 1 after removal expected [2] but found [3]" type="java.lang.AssertionError">
      <![CDATA[java.lang.AssertionError: Cart item count should decrease by 1 after removal expected [2] but found [3]
at org.testng.Assert.fail(Assert.java:111)
at org.testng.Assert.failNotEquals(Assert.java:1590)
at org.testng.Assert.assertEqualsImpl(Assert.java:150)
at org.testng.Assert.assertEquals(Assert.java:132)
at org.testng.Assert.assertEquals(Assert.java:1431)
at org.testng.Assert.assertEquals(Assert.java:1395)
at com.project.automationqa.tests.CartManagementTest.testRemoveItemsFromCart(CartManagementTest.java:110)
at java.base/jdk.internal.reflect.DirectMethodHandleAccessor.invoke(DirectMethodHandleAccessor.java:103)
at java.base/java.lang.reflect.Method.invoke(Method.java:580)
at org.testng.internal.invokers.MethodInvocationHelper.invokeMethod(MethodInvocationHelper.java:141)
at org.testng.internal.invokers.TestInvoker.invokeMethod(TestInvoker.java:687)
at org.testng.internal.invokers.TestInvoker.invokeTestMethod(TestInvoker.java:230)
at org.testng.internal.invokers.MethodRunner.runInSequence(MethodRunner.java:63)
at org.testng.internal.invokers.TestInvoker$MethodInvocationAgent.invoke(TestInvoker.java:995)
at org.testng.internal.invokers.TestInvoker.invokeTestMethods(TestInvoker.java:203)
at org.testng.internal.invokers.TestMethodWorker.invokeTestMethods(TestMethodWorker.java:154)
at org.testng.internal.invokers.TestMethodWorker.run(TestMethodWorker.java:134)
at java.base/java.util.ArrayList.forEach(ArrayList.java:1596)
at org.testng.TestRunner.privateRun(TestRunner.java:741)
at org.testng.TestRunner.run(TestRunner.java:616)
at org.testng.SuiteRunner.runTest(SuiteRunner.java:421)
at org.testng.SuiteRunner.runSequentially(SuiteRunner.java:413)
at org.testng.SuiteRunner.privateRun(SuiteRunner.java:373)
at org.testng.SuiteRunner.run(SuiteRunner.java:312)
at org.testng.SuiteRunnerWorker.runSuite(SuiteRunnerWorker.java:52)
at org.testng.SuiteRunnerWorker.run(SuiteRunnerWorker.java:95)
at org.testng.TestNG.runSuitesSequentially(TestNG.java:1274)
at org.testng.TestNG.runSuitesLocally(TestNG.java:1208)
at org.testng.TestNG.runSuites(TestNG.java:1112)
at org.testng.TestNG.run(TestNG.java:1079)
at org.testng.remote.AbstractRemoteTestNG.run(AbstractRemoteTestNG.java:115)
at org.testng.remote.RemoteTestNG.initAndRun(RemoteTestNG.java:293)
at org.testng.remote.RemoteTestNG.main(RemoteTestNG.java:91)
]]>
    </failure>
    <system-out>
      <![CDATA[Starting testRemoveItemsFromCart test
Logged in successfully
Initial cart state - Items: 3, Total: Rs. 6500
Removed first item from cart
Final cart state - Items: 3, Total: Rs. 6500]]>
    </system-out>
  </testcase> <!-- testRemoveItemsFromCart -->
  <system-out>
    <![CDATA[Starting testCompleteRegistrationWithDataStorage test
Completed registration flow
Verified account creation
Starting verifyStoredRegistrationData test
Retrieved stored data - Email: clementina.gerlach@yahoo.com, FullName: Wesley Kilback
Verified all data is stored properly
Starting testDuplicateRegistrationWithStoredEmail test
Using stored email: clementina.gerlach@yahoo.com
Attempted registration with existing email
Verified duplicate email error message
Starting testMinimalRegistration test
Generated minimal required fields
Filled minimal registration form
Verified minimal registration success
Starting testSuccessfulLogin test
Navigated to login page
Attempted login with stored credentials
Verified successful login
Starting testLogout test
Logged in with stored credentials
Attempted logout
Verified successful logout
Starting testInvalidLogin test
Navigated to login page
Attempted login with invalid credentials
Verified error message for invalid login
Starting testReLogin test
Completed first login
Completed logout
Attempted re-login
Verified successful re-login
Starting testLogoutAndRelogin test
Completed initial login
Stored initial user info: Dr. Luis Stoltenberg
Completed logout
Completed re-login
Verified user state preservation - Final user: Dr. Luis Stoltenberg
Starting testProductBrowsingAndFiltering test
Navigated to products page
Applied Women > Dress filter
Verified filtered products contain 'dress' keyword
Starting testClickOnFirstProduct test
Navigated to products page
Clicked on first product
Retrieved product details - Name: Blue Top, Price: Rs. 500
Verified product details are valid
Starting testViewProductDetails test
Navigated to products page
Clicked view product button
Verified product availability in detailed view: Availability: In Stock
Starting testAddToCartWithIncreasedQuantity test
Navigated to products page
Clicked on first product
Increased product quantity to 2
Added product to cart
Navigated to products page
Clicked on first product
Increased product quantity to 2
Added product to cart
Verified items in cart
Starting testAddToCartWithMaximumQuantity test
Navigated to products page
Clicked on first product
Set product quantity to maximum (10)
Added product to cart
Verified items in cart
Starting testAddToCartWithMinimumQuantity test
Navigated to products page
Clicked on first product
Set product quantity to minimum (1)
Added product to cart
Verified items in cart
Starting testAddItemsToCart test
Logged in successfully
Added items to cart
Verified items were added to cart
Logged in successfully
Starting testCartItemCountAndTotal test
Initial cart state - Items: 3, Total: Rs. 6500
Verified cart state is valid
Starting testCartPersistence test
Logged in successfully
Cart state before logout - Items: 3, Total: Rs. 6500
Logged out
Logged in again
Cart state after login - Items: 3, Total: Rs. 6500
Verified cart state is preserved after logout and login
Starting testRemoveItemsFromCart test
Logged in successfully
Initial cart state - Items: 3, Total: Rs. 6500
Removed first item from cart
Final cart state - Items: 3, Total: Rs. 6500
Starting testProceedToCheckout test
Logged in successfully
Added items to cart
Verified proceed to checkout button is visible
Starting testCheckoutPageNavigation test
Logged in successfully
Navigated to checkout page
Verified all checkout form elements are visible
Clicked Place Order button
Starting testPaymentDetailsEntryAndOrderConfirmation test
Logged in successfully
Entered payment details
Submitted payment]]>
  </system-out>
</testsuite> <!-- com.project.automationqa.tests.CartManagementTest -->
